<?xml version="1.0" encoding="UTF-8"?>
<!-- Generated by org.testng.reporters.JUnitReportReporter -->
<testsuite skipped="0" hostname="RIYAZ-PC" name="tests.AddToCompare" tests="1" failures="0" timestamp="20 Oct 2018 10:51:27 GMT" time="55.073" errors="0">
  <testcase name="loginLogout" time="55.073" classname="tests.AddToCompare"/>
</testsuite> <!-- tests.AddToCompare -->
