<?xml version="1.0" encoding="UTF-8"?>
<!-- Generated by org.testng.reporters.JUnitReportReporter -->
<testsuite skipped="0" hostname="RIYAZ-PC" name="tests.LoginLogout" tests="1" failures="0" timestamp="19 Oct 2018 21:04:15 GMT" time="20.840" errors="0">
  <testcase name="loginLogout" time="20.840" classname="tests.LoginLogout"/>
</testsuite> <!-- tests.LoginLogout -->
